<?xml version="1.0" encoding="UTF-8"?>
<!-- Generated by org.testng.reporters.JUnitReportReporter -->
<testsuite hostname="LIN64016031" failures="0" tests="1" name="com.quickauto.testcases.HomePageTest" time="0.006" errors="0" timestamp="02 Jan 2024 10:48:14 GMT" skipped="0">
  <testcase classname="com.quickauto.testcases.HomePageTest" name="homePage" time="0.006"/>
</testsuite> <!-- com.quickauto.testcases.HomePageTest -->
