<?xml version="1.0" encoding="UTF-8"?>
<!-- Generated by org.testng.reporters.JUnitReportReporter -->
<testsuite hostname="LIN64016031" failures="0" tests="1" name="com.quickauto.testcases.LogInTest" time="1.591" errors="0" timestamp="02 Jan 2024 13:09:39 GMT" skipped="0">
  <testcase classname="com.quickauto.testcases.LogInTest" name="LogIn" time="1.591"/>
</testsuite> <!-- com.quickauto.testcases.LogInTest -->
